maxTotalPoints: 16
messages: []
mode: -q1
parts:
- maxPoints: 1
  maxSeconds: 10
  messages:
  - Expected 'ham', but got 'spam'
  name: 2.1.1a-0
  points: 0
  seconds: 2
- maxPoints: 2
  maxSeconds: 10
  messages:
  - 'Exception thrown: <class ''NotImplementedError''> -- TODO:'
  - "  File \"grader.py\", line 59, in test_1_2a\n    grader.requireIsEqual(features,\
    \ submission.extractUnigramFeatures(sentence))\n"
  - "  File \"C:\\Users\\jmssa\\OneDrive\\Documents\\Comp440\\comp440\\assignment6\\\
    hw6\\text_classification\\submission.py\", line 73, in extractUnigramFeatures\n\
    \    raise NotImplementedError(\"TODO:\")\n"
  name: 2.1.2a
  points: 0
  seconds: 0
- maxPoints: 2
  maxSeconds: 10
  messages:
  - 'Exception thrown: <class ''NotImplementedError''> -- TODO:'
  - "  File \"grader.py\", line 70, in test1_2b\n    classifier.classifyWithLabel(\
    \ \"The quick dog chased\"))\n"
  - "  File \"C:\\Users\\jmssa\\OneDrive\\Documents\\Comp440\\comp440\\assignment6\\\
    hw6\\text_classification\\submission.py\", line 29, in classifyWithLabel\n   \
    \ if self.classify(text) >= 0.:\n"
  - "  File \"C:\\Users\\jmssa\\OneDrive\\Documents\\Comp440\\comp440\\assignment6\\\
    hw6\\text_classification\\submission.py\", line 94, in classify\n    raise NotImplementedError(\"\
    TODO:\")\n"
  name: 2.1.2b
  points: 0
  seconds: 0
- maxPoints: 0
  maxSeconds: 10
  messages:
  - 'Exception thrown: <class ''NotImplementedError''> -- TODO:'
  - "  File \"grader.py\", line 79, in test1_3a_0\n    weights = submission.learnWeightsFromPerceptron(\n"
  - "  File \"C:\\Users\\jmssa\\OneDrive\\Documents\\Comp440\\comp440\\assignment6\\\
    hw6\\text_classification\\submission.py\", line 108, in learnWeightsFromPerceptron\n\
    \    raise NotImplementedError(\"TODO:\")\n"
  name: 2.1.3a-0
  points: 0
  seconds: 0
- maxPoints: 2
  maxSeconds: 10
  messages:
  - 'Exception thrown: <class ''NotImplementedError''> -- TODO:'
  - "  File \"grader.py\", line 112, in test_1_3b_0\n    grader.requireIsEqual(features,\
    \ submission.extractBigramFeatures(sentence))\n"
  - "  File \"C:\\Users\\jmssa\\OneDrive\\Documents\\Comp440\\comp440\\assignment6\\\
    hw6\\text_classification\\submission.py\", line 119, in extractBigramFeatures\n\
    \    raise NotImplementedError(\"TODO:\")\n"
  name: 2.1.3b-0
  points: 0
  seconds: 0
- maxPoints: 9
  maxSeconds: 10
  messages:
  - 'Exception thrown: <class ''NotImplementedError''> -- TODO:'
  - "  File \"grader.py\", line 157, in test_3a_0\n    classifier = submission.OneVsAllClassifier(\
    \ labels,\n"
  - "  File \"C:\\Users\\jmssa\\OneDrive\\Documents\\Comp440\\comp440\\assignment6\\\
    hw6\\text_classification\\submission.py\", line 154, in __init__\n    super(OneVsAllClassifier,\
    \ self).__init__(labels, classifiers)\n"
  - "  File \"C:\\Users\\jmssa\\OneDrive\\Documents\\Comp440\\comp440\\assignment6\\\
    hw6\\text_classification\\submission.py\", line 129, in __init__\n    raise NotImplementedError(\"\
    TODO:\")\n"
  name: 2.3a-0
  points: 0
  seconds: 0
totalPoints: 0
